<?xml version="1.0" encoding="UTF-8"?>
<!-- Generated by org.testng.reporters.JUnitXMLReporter -->
<testsuite ignored="0" hostname="Aniket" failures="0" tests="4" name="Default test" time="23.195" errors="0" timestamp="2025-04-18T12:49:17 IST">
  <testcase classname="rahulshettyacademy.tests.StandAloneTest" name="submitOrder" time="3.008"/>
  <testcase classname="rahulshettyacademy.tests.StandAloneTest" name="submitOrder" time="4.62"/>
  <testcase classname="rahulshettyacademy.tests.StandAloneTest" name="ordersHistoryTest" time="0.754"/>
  <testcase classname="rahulshettyacademy.tests.ErrorValidationsTest" name="ErrorValidationsTest" time="0.479"/>
</testsuite> <!-- Default test -->
