<?xml version="1.0" encoding="UTF-8"?>
<testng-results ignored="0" total="4" passed="4" failed="0" skipped="0">
  <reporter-output>
  </reporter-output>
  <suite started-at="2025-04-18T12:48:54 IST" name="Default suite" finished-at="2025-04-18T12:49:17 IST" duration-ms="23195">
    <groups>
      <group name="ErrorValidations">
        <method signature="ErrorValidationsTest.ErrorValidationsTest()[pri:0, instance:rahulshettyacademy.tests.ErrorValidationsTest@8297b3a]" name="ErrorValidationsTest" class="rahulshettyacademy.tests.ErrorValidationsTest"/>
      </group> <!-- ErrorValidations -->
    </groups>
    <test started-at="2025-04-18T12:48:54 IST" name="Default test" finished-at="2025-04-18T12:49:17 IST" duration-ms="23195">
      <class name="rahulshettyacademy.tests.StandAloneTest">
        <test-method is-config="true" signature="launchApplication()[pri:0, instance:rahulshettyacademy.tests.StandAloneTest@5aa9e4eb]" started-at="2025-04-18T12:48:54 IST" name="launchApplication" finished-at="2025-04-18T12:49:02 IST" duration-ms="7825" status="PASS">
          <reporter-output>
          </reporter-output>
        </test-method> <!-- launchApplication -->
        <test-method signature="submitOrder(java.util.HashMap)[pri:0, instance:rahulshettyacademy.tests.StandAloneTest@5aa9e4eb]" started-at="2025-04-18T12:49:02 IST" name="submitOrder" data-provider="getData" finished-at="2025-04-18T12:49:05 IST" duration-ms="3008" status="PASS">
          <params>
            <param index="0">
              <value>
                <![CDATA[{password=Aniket@20, emailId=aniketfunde@gmail.com, productName=ADIDAS ORIGINAL}]]>
              </value>
            </param>
          </params>
          <reporter-output>
          </reporter-output>
        </test-method> <!-- submitOrder -->
        <test-method is-config="true" signature="launchApplication()[pri:0, instance:rahulshettyacademy.tests.StandAloneTest@5aa9e4eb]" started-at="2025-04-18T12:49:05 IST" name="launchApplication" finished-at="2025-04-18T12:49:07 IST" duration-ms="1471" status="PASS">
          <reporter-output>
          </reporter-output>
        </test-method> <!-- launchApplication -->
        <test-method signature="submitOrder(java.util.HashMap)[pri:0, instance:rahulshettyacademy.tests.StandAloneTest@5aa9e4eb]" started-at="2025-04-18T12:49:07 IST" name="submitOrder" data-provider="getData" finished-at="2025-04-18T12:49:11 IST" duration-ms="4620" status="PASS">
          <params>
            <param index="0">
              <value>
                <![CDATA[{password=Aniket@20, emailId=aniee@gmail.com, productName=ZARA COAT 3}]]>
              </value>
            </param>
          </params>
          <reporter-output>
          </reporter-output>
        </test-method> <!-- submitOrder -->
        <test-method is-config="true" signature="launchApplication()[pri:0, instance:rahulshettyacademy.tests.StandAloneTest@5aa9e4eb]" started-at="2025-04-18T12:49:11 IST" name="launchApplication" finished-at="2025-04-18T12:49:13 IST" duration-ms="1783" status="PASS">
          <reporter-output>
          </reporter-output>
        </test-method> <!-- launchApplication -->
        <test-method signature="ordersHistoryTest()[pri:0, instance:rahulshettyacademy.tests.StandAloneTest@5aa9e4eb]" started-at="2025-04-18T12:49:13 IST" name="ordersHistoryTest" finished-at="2025-04-18T12:49:14 IST" depends-on-methods="rahulshettyacademy.tests.StandAloneTest.submitOrder" duration-ms="754" status="PASS">
          <reporter-output>
          </reporter-output>
        </test-method> <!-- ordersHistoryTest -->
      </class> <!-- rahulshettyacademy.tests.StandAloneTest -->
      <class name="rahulshettyacademy.tests.ErrorValidationsTest">
        <test-method is-config="true" signature="launchApplication()[pri:0, instance:rahulshettyacademy.tests.ErrorValidationsTest@8297b3a]" started-at="2025-04-18T12:49:14 IST" name="launchApplication" finished-at="2025-04-18T12:49:17 IST" duration-ms="2780" status="PASS">
          <reporter-output>
          </reporter-output>
        </test-method> <!-- launchApplication -->
        <test-method signature="ErrorValidationsTest()[pri:0, instance:rahulshettyacademy.tests.ErrorValidationsTest@8297b3a]" started-at="2025-04-18T12:49:17 IST" name="ErrorValidationsTest" finished-at="2025-04-18T12:49:17 IST" duration-ms="479" status="PASS">
          <reporter-output>
          </reporter-output>
        </test-method> <!-- ErrorValidationsTest -->
      </class> <!-- rahulshettyacademy.tests.ErrorValidationsTest -->
    </test> <!-- Default test -->
  </suite> <!-- Default suite -->
</testng-results>
